#
# There is insufficient memory for the Java Runtime Environment to continue.
# Native memory allocation (mmap) failed to map 268435456 bytes for Failed to commit area from 0x0000000701e00000 to 0x0000000711e00000 of length 268435456.
# Possible reasons:
#   The system is out of physical RAM or swap space
#   The process is running with CompressedOops enabled, and the Java Heap may be blocking the growth of the native heap
# Possible solutions:
#   Reduce memory load on the system
#   Increase physical memory or swap space
#   Check if swap backing store is full
#   Decrease Java heap size (-Xmx/-Xms)
#   Decrease number of Java threads
#   Decrease Java thread stack sizes (-Xss)
#   Set larger code cache with -XX:ReservedCodeCacheSize=
# This output file may be truncated or incomplete.
#
#  Out of Memory Error (./src/hotspot/os/windows/os_windows.cpp:3301), pid=15576, tid=15456
#
# JRE version:  (11.0.10+9) (build )
# Java VM: Dynamic Code Evolution 64-Bit Server VM (11.0.10+9-b1341.41, mixed mode, sharing, tiered, compressed oops, g1 gc, windows-amd64)
# No core dump will be written. Minidumps are not enabled by default on client versions of Windows
#

---------------  S U M M A R Y ------------

Command Line: -XX:TieredStopAtLevel=1 -Xverify:none -Dspring.output.ansi.enabled=always -javaagent:C:\Program Files\JetBrains\IntelliJ IDEA 2020.2.3\lib\idea_rt.jar=57875:C:\Program Files\JetBrains\IntelliJ IDEA 2020.2.3\bin -Dcom.sun.management.jmxremote -Dspring.jmx.enabled=true -Dspring.liveBeansView.mbeanDomain -Dspring.application.admin.enabled=true -Dfile.encoding=UTF-8 br.pucpr.servico.ServicoApplication

Host: Intel(R) Core(TM) i5-8265U CPU @ 1.60GHz, 8 cores, 15G,  Windows 10 , 64 bit Build 19041 (10.0.19041.1023)
Time: Thu Aug 12 21:16:08 2021 Hora oficial do Brasil elapsed time: 0.268548 seconds (0d 0h 0m 0s)

---------------  T H R E A D  ---------------

Current thread (0x000001e07d22d000):  JavaThread "Unknown thread" [_thread_in_vm, id=15456, stack(0x0000007a19900000,0x0000007a19a00000)]

Stack: [0x0000007a19900000,0x0000007a19a00000]
Native frames: (J=compiled Java code, j=interpreted, Vv=VM code, C=native code)
V  [jvm.dll+0x5f84fa]
V  [jvm.dll+0x77e085]
V  [jvm.dll+0x77f5dd]
V  [jvm.dll+0x77fc93]
V  [jvm.dll+0x2457e8]
V  [jvm.dll+0x5f58f4]
V  [jvm.dll+0x5ea975]
V  [jvm.dll+0x30228b]
V  [jvm.dll+0x3021fa]
V  [jvm.dll+0x3020d2]
V  [jvm.dll+0x306fb6]
V  [jvm.dll+0x34f843]
V  [jvm.dll+0x34ff46]
V  [jvm.dll+0x34f943]
V  [jvm.dll+0x2dbcb8]
V  [jvm.dll+0x2dce57]
V  [jvm.dll+0x75c4d7]
V  [jvm.dll+0x75dd6c]
V  [jvm.dll+0x35cdb9]
V  [jvm.dll+0x73fc9e]
V  [jvm.dll+0x3c5663]
V  [jvm.dll+0x3c7a21]
C  [jli.dll+0x5373]
C  [ucrtbase.dll+0x21bb2]
C  [KERNEL32.DLL+0x17034]
C  [ntdll.dll+0x52651]


---------------  P R O C E S S  ---------------

Threads class SMR info:
_java_thread_list=0x000001e07b0134a0, length=0, elements={
}

Java Threads: ( => current thread )

Other Threads:
  0x000001e07d250000 GCTaskThread "GC Thread#0" [stack: 0x0000007a19a00000,0x0000007a19b00000] [id=9736]
  0x000001e07d2aa800 ConcurrentGCThread "G1 Main Marker" [stack: 0x0000007a19b00000,0x0000007a19c00000] [id=7092]
  0x000001e07d2ad000 ConcurrentGCThread "G1 Conc#0" [stack: 0x0000007a19c00000,0x0000007a19d00000] [id=14188]

[error occurred during error reporting (printing all threads), id 0xc0000005, EXCEPTION_ACCESS_VIOLATION (0xc0000005) at pc=0x00007ff8557cc437]

VM state:not at safepoint (not fully initialized)

VM Mutex/Monitor currently owned by a thread:  ([mutex/lock_event])
[0x000001e07d229d90] Heap_lock - owner thread: 0x000001e07d22d000

Heap address: 0x0000000701e00000, size: 4066 MB, Compressed Oops mode: Non-zero based: 0x0000000701e00000
Narrow klass base: 0x0000000000000000, Narrow klass shift: 0

GC Heap History (0 events):
No events

Deoptimization events (0 events):
No events

Classes redefined (0 events):
No events

Internal exceptions (0 events):
No events

Events (1 events):
Event: 0.212 Loaded shared library C:\Program Files\JetBrains\IntelliJ IDEA 2020.2.3\jbr\bin\zip.dll


Dynamic libraries:
0x00007ff752f80000 - 0x00007ff752f8a000 	C:\Program Files\JetBrains\IntelliJ IDEA 2020.2.3\jbr\bin\java.exe
0x00007ff8c0ef0000 - 0x00007ff8c10e5000 	C:\WINDOWS\SYSTEM32\ntdll.dll
0x00007ff8c0a00000 - 0x00007ff8c0abd000 	C:\WINDOWS\System32\KERNEL32.DLL
0x00007ff8be830000 - 0x00007ff8beaf9000 	C:\WINDOWS\System32\KERNELBASE.dll
0x00007ff8b87a0000 - 0x00007ff8b8830000 	C:\WINDOWS\SYSTEM32\apphelp.dll
0x00007ff8bec10000 - 0x00007ff8bed10000 	C:\WINDOWS\System32\ucrtbase.dll
0x00007ff8b5600000 - 0x00007ff8b5619000 	C:\Program Files\JetBrains\IntelliJ IDEA 2020.2.3\jbr\bin\jli.dll
0x00007ff8c0000000 - 0x00007ff8c01a0000 	C:\WINDOWS\System32\USER32.dll
0x00007ff8bebe0000 - 0x00007ff8bec02000 	C:\WINDOWS\System32\win32u.dll
0x00007ff8c0c20000 - 0x00007ff8c0c4a000 	C:\WINDOWS\System32\GDI32.dll
0x00007ff8bedf0000 - 0x00007ff8beefb000 	C:\WINDOWS\System32\gdi32full.dll
0x00007ff8be630000 - 0x00007ff8be6cd000 	C:\WINDOWS\System32\msvcp_win.dll
0x00007ff8b5340000 - 0x00007ff8b5357000 	C:\Program Files\JetBrains\IntelliJ IDEA 2020.2.3\jbr\bin\VCRUNTIME140.dll
0x00007ff8a02b0000 - 0x00007ff8a054a000 	C:\WINDOWS\WinSxS\amd64_microsoft.windows.common-controls_6595b64144ccf1df_6.0.19041.1110_none_60b5254171f9507e\COMCTL32.dll
0x00007ff8c0e10000 - 0x00007ff8c0eae000 	C:\WINDOWS\System32\msvcrt.dll
0x00007ff8c0cb0000 - 0x00007ff8c0ce0000 	C:\WINDOWS\System32\IMM32.DLL
0x00007ff8761a0000 - 0x00007ff8762ba000 	C:\Program Files\Diebold\Warsaw\wslbscr64.dll
0x00007ff8bfee0000 - 0x00007ff8bff8c000 	C:\WINDOWS\System32\ADVAPI32.dll
0x00007ff8bfd90000 - 0x00007ff8bfe2b000 	C:\WINDOWS\System32\sechost.dll
0x00007ff8bfc00000 - 0x00007ff8bfd2a000 	C:\WINDOWS\System32\RPCRT4.dll
0x00007ff8bf0b0000 - 0x00007ff8bf7ef000 	C:\WINDOWS\System32\SHELL32.dll
0x00007ff8bd420000 - 0x00007ff8bd453000 	C:\WINDOWS\SYSTEM32\ntmarta.dll
0x00007ff8aaea0000 - 0x00007ff8aaf8f000 	C:\Program Files\Diebold\Warsaw\wslbscrwh64.dll
0x00007ff8ac3b0000 - 0x00007ff8ac44d000 	C:\Program Files\JetBrains\IntelliJ IDEA 2020.2.3\jbr\bin\msvcp140.dll
0x00007ff8554e0000 - 0x00007ff85602f000 	C:\Program Files\JetBrains\IntelliJ IDEA 2020.2.3\jbr\bin\server\jvm.dll
0x00007ff8bf040000 - 0x00007ff8bf048000 	C:\WINDOWS\System32\PSAPI.DLL
0x00007ff8b55c0000 - 0x00007ff8b55c9000 	C:\WINDOWS\SYSTEM32\WSOCK32.dll
0x00007ff8bff90000 - 0x00007ff8bfffb000 	C:\WINDOWS\System32\WS2_32.dll
0x00007ff8b5fb0000 - 0x00007ff8b5fd7000 	C:\WINDOWS\SYSTEM32\WINMM.dll
0x00007ff8b4350000 - 0x00007ff8b435a000 	C:\WINDOWS\SYSTEM32\VERSION.dll
0x00007ff8bd1a0000 - 0x00007ff8bd1b2000 	C:\WINDOWS\SYSTEM32\kernel.appcore.dll
0x00007ff8adc20000 - 0x00007ff8adc31000 	C:\Program Files\JetBrains\IntelliJ IDEA 2020.2.3\jbr\bin\verify.dll
0x00007ff8bcc70000 - 0x00007ff8bce54000 	C:\WINDOWS\SYSTEM32\DBGHELP.DLL
0x00007ff8aebb0000 - 0x00007ff8aebdc000 	C:\WINDOWS\SYSTEM32\dbgcore.DLL
0x00007ff8beb50000 - 0x00007ff8bebd3000 	C:\WINDOWS\System32\bcryptPrimitives.dll
0x00007ff8ab200000 - 0x00007ff8ab229000 	C:\Program Files\JetBrains\IntelliJ IDEA 2020.2.3\jbr\bin\java.dll
0x00007ff8adfb0000 - 0x00007ff8adfbb000 	C:\Program Files\JetBrains\IntelliJ IDEA 2020.2.3\jbr\bin\jimage.dll
0x00007ff8b62a0000 - 0x00007ff8b62af000 	C:\Program Files\JetBrains\IntelliJ IDEA 2020.2.3\jbr\bin\instrument.dll
0x00007ff8ad9b0000 - 0x00007ff8ad9c8000 	C:\Program Files\JetBrains\IntelliJ IDEA 2020.2.3\jbr\bin\zip.dll

dbghelp: loaded successfully - version: 4.0.5 - missing functions: none
symbol engine: initialized successfully - sym options: 0x614 - pdb path: .;C:\Program Files\JetBrains\IntelliJ IDEA 2020.2.3\jbr\bin;C:\WINDOWS\SYSTEM32;C:\WINDOWS\WinSxS\amd64_microsoft.windows.common-controls_6595b64144ccf1df_6.0.19041.1110_none_60b5254171f9507e;C:\Program Files\Diebold\Warsaw;C:\Program Files\JetBrains\IntelliJ IDEA 2020.2.3\jbr\bin\server

VM Arguments:
jvm_args: -XX:TieredStopAtLevel=1 -Xverify:none -Dspring.output.ansi.enabled=always -javaagent:C:\Program Files\JetBrains\IntelliJ IDEA 2020.2.3\lib\idea_rt.jar=57875:C:\Program Files\JetBrains\IntelliJ IDEA 2020.2.3\bin -Dcom.sun.management.jmxremote -Dspring.jmx.enabled=true -Dspring.liveBeansView.mbeanDomain -Dspring.application.admin.enabled=true -Dfile.encoding=UTF-8 
java_command: br.pucpr.servico.ServicoApplication
java_class_path (initial): C:\DevApps\servico\target\classes;C:\Users\daviv\.m2\repository\org\springframework\boot\spring-boot-starter-web\2.5.3\spring-boot-starter-web-2.5.3.jar;C:\Users\daviv\.m2\repository\org\springframework\boot\spring-boot-starter\2.5.3\spring-boot-starter-2.5.3.jar;C:\Users\daviv\.m2\repository\org\springframework\boot\spring-boot\2.5.3\spring-boot-2.5.3.jar;C:\Users\daviv\.m2\repository\org\springframework\boot\spring-boot-autoconfigure\2.5.3\spring-boot-autoconfigure-2.5.3.jar;C:\Users\daviv\.m2\repository\org\springframework\boot\spring-boot-starter-logging\2.5.3\spring-boot-starter-logging-2.5.3.jar;C:\Users\daviv\.m2\repository\ch\qos\logback\logback-classic\1.2.4\logback-classic-1.2.4.jar;C:\Users\daviv\.m2\repository\ch\qos\logback\logback-core\1.2.4\logback-core-1.2.4.jar;C:\Users\daviv\.m2\repository\org\apache\logging\log4j\log4j-to-slf4j\2.14.1\log4j-to-slf4j-2.14.1.jar;C:\Users\daviv\.m2\repository\org\apache\logging\log4j\log4j-api\2.14.1\log4j-api-2.14.1.jar;C:\Users\daviv\.m2\repository\org\slf4j\jul-to-slf4j\1.7.32\jul-to-slf4j-1.7.32.jar;C:\Users\daviv\.m2\repository\jakarta\annotation\jakarta.annotation-api\1.3.5\jakarta.annotation-api-1.3.5.jar;C:\Users\daviv\.m2\repository\org\yaml\snakeyaml\1.28\snakeyaml-1.28.jar;C:\Users\daviv\.m2\repository\org\springframework\boot\spring-boot-starter-json\2.5.3\spring-boot-starter-json-2.5.3.jar;C:\Users\daviv\.m2\repository\com\fasterxml\jackson\core\jackson-databind\2.12.4\jackson-databind-2.12.4.jar;C:\Users\daviv\.m2\repository\com\fasterxml\jackson\core\jackson-annotations\2.12.4\jackson-annotations-2.12.4.jar;C:\Users\daviv\.m2\repository\com\fasterxml\jackson\core\jackson-core\2.12.4\jackson-core-2.12.4.jar;C:\Users\daviv\.m2\repository\com\fasterxml\jackson\datatype\jackson-datatype-jdk8\2.12.4\jackson-datatype-jdk8-2.12.4.jar;C:\Users\daviv\.m2\repository\com\fasterxml\jackson\datatype\jackson-datatype-jsr310\2.12.4\jackson-datatype-jsr310-2.12.4.jar;C:\Users\daviv\.m2\rep
Launcher Type: SUN_STANDARD

[Global flags]
     bool BytecodeVerificationLocal                = false                                     {product} {command line}
     bool BytecodeVerificationRemote               = false                                     {product} {command line}
     intx CICompilerCount                          = 4                                         {product} {ergonomic}
     uint ConcGCThreads                            = 2                                         {product} {ergonomic}
     uint G1ConcRefinementThreads                  = 8                                         {product} {ergonomic}
   size_t G1HeapRegionSize                         = 1048576                                   {product} {ergonomic}
    uintx GCDrainStackTargetSize                   = 64                                        {product} {ergonomic}
   size_t InitialHeapSize                          = 268435456                                 {product} {ergonomic}
     bool ManagementServer                         = true                                      {product} {command line}
   size_t MarkStackSize                            = 4194304                                   {product} {ergonomic}
   size_t MaxHeapSize                              = 4263510016                                {product} {ergonomic}
   size_t MinHeapDeltaBytes                        = 1048576                                   {product} {ergonomic}
    uintx NonNMethodCodeHeapSize                   = 7549744                                {pd product} {ergonomic}
    uintx NonProfiledCodeHeapSize                  = 244108496                              {pd product} {ergonomic}
    uintx ProfiledCodeHeapSize                     = 0                                      {pd product} {ergonomic}
    uintx ReservedCodeCacheSize                    = 251658240                              {pd product} {ergonomic}
     bool SegmentedCodeCache                       = true                                      {product} {ergonomic}
     intx TieredStopAtLevel                        = 1                                         {product} {command line}
     bool UseCompressedClassPointers               = true                                 {lp64_product} {ergonomic}
     bool UseCompressedOops                        = true                                 {lp64_product} {ergonomic}
     bool UseG1GC                                  = true                                      {product} {ergonomic}
     bool UseLargePagesIndividualAllocation        = false                                  {pd product} {ergonomic}

Logging:
Log output configuration:
 #0: stdout all=warning uptime,level,tags
 #1: stderr all=off uptime,level,tags

Environment Variables:
JAVA_HOME=C:\Program Files\Java\jdk1.8.0_281
PATH=C:\Program Files (x86)\Common Files\Oracle\Java\javapath;C:\WINDOWS\system32;C:\WINDOWS;C:\WINDOWS\System32\Wbem;C:\WINDOWS\System32\WindowsPowerShell\v1.0\;C:\WINDOWS\System32\OpenSSH\;C:\Program Files (x86)\Intel\Intel(R) Management Engine Components\DAL;C:\Program Files\Intel\Intel(R) Management Engine Components\DAL;C:\Program Files\dotnet\;C:\Program Files\Microsoft SQL Server\130\Tools\Binn\;C:\Program Files\nodejs\;C:\hadoop-2.7.1;C:\hadoop-2.7.1\bin;C:\Program Files\Git\cmd;C:\Program Files\Java\jdk1.8.0_281\bin;C:\Program Files\apache-maven-3.8.1\bin;C:\xampp\php;C:\composer;C:\Program Files\MySQL\MySQL Shell 8.0\bin\;C:\Users\daviv\AppData\Local\Microsoft\WindowsApps;C:\Users\daviv\.dotnet\tools;C:\Users\daviv\AppData\Local\Programs\Microsoft VS Code\bin;C:\Program Files\JetBrains\IntelliJ IDEA 2020.2.3\bin;;C:\Program Files\JetBrains\PhpStorm 2020.3.1\bin;;C:\Users\daviv\AppData\Roaming\npm;C:\Users\daviv\AppData\Local\GitHubDesktop\bin;C:\Program Files\JetBrains\WebStorm 2021.1.1\bin;;C:\Users\daviv\AppData\Roaming\Composer\vendor\bin
USERNAME=daviv
OS=Windows_NT
PROCESSOR_IDENTIFIER=Intel64 Family 6 Model 142 Stepping 12, GenuineIntel



---------------  S Y S T E M  ---------------

OS: Windows 10 , 64 bit Build 19041 (10.0.19041.1023)
OS uptime: 10 days 5:59 hours

CPU:total 8 (initial active 8) (4 cores per cpu, 2 threads per core) family 6 model 142 stepping 12 microcode 0xca, cmov, cx8, fxsr, mmx, sse, sse2, sse3, ssse3, sse4.1, sse4.2, popcnt, avx, avx2, aes, clmul, erms, 3dnowpref, lzcnt, ht, tsc, tscinvbit, bmi1, bmi2, adx, fma

Memory: 4k page, system-wide physical 16260M (5129M free)
TotalPageFile size 16260M (AvailPageFile size 185M)
current process WorkingSet (physical memory assigned to process): 14M, peak: 14M
current process commit charge ("private bytes"): 60M, peak: 315M

vm_info: Dynamic Code Evolution 64-Bit Server VM (11.0.10+9-b1341.41) for windows-amd64 JRE (11.0.10+9-b1341.41), built on Apr 17 2021 07:18:15 by "" with MS VC++ 14.0 (VS2015)

END.
